[debug] > Exec(early(addDefaultCommands), None, None)
[debug] > Exec(addDefaultCommands, None, None)
[debug] > Exec(early(initialize), None, None)
[debug] > Exec(initialize, None, None)
[debug] > Exec(boot, None, None)
[debug] > Exec(writeSbtVersion, None, None)
[debug] > Exec(reload, None, None)
[debug] > Exec(sbtStashOnFailure, None, None)
[debug] > Exec(onFailure loadFailed, None, None)
[debug] > Exec(loadp, None, None)
[info] welcome to sbt 1.9.9 (Oracle Corporation Java 21.0.1)
[debug] Load.defaultLoad until apply took 87.299032ms
[debug]           Load.loadUnit: plugins took 54.596192ms
[debug]           Load.loadUnit: defsScala took 0.261278ms
[debug] [Loading] Scanning directory /home/nashtech/Documents/MobileStore/project
[debug] [Loading] Found non-root projects 
[debug] [Loading] Done in /home/nashtech/Documents/MobileStore/project, returning: ()
[debug] deducing auto plugins based on known facts Set(Atom(sbt.plugins.CorePlugin)) and clauses Clauses(Clause(Atom(sbt.plugins.JvmPlugin),Set(Atom(sbt.plugins.IvyPlugin)))
[debug] Clause(Atom(sbt.ScriptedPlugin),Set(Atom(sbt.plugins.JvmPlugin)))
[debug] Clause(Atom(sbt.plugins.SbtPlugin),Set(Atom(sbt.ScriptedPlugin)))
[debug] Clause(Atom(sbt.plugins.SemanticdbPlugin),Set(Atom(sbt.plugins.JvmPlugin)))
[debug] Clause(Atom(sbt.plugins.JUnitXmlReportPlugin),Set(Atom(sbt.plugins.JvmPlugin)))
[debug] Clause(Atom(sbt.plugins.MiniDependencyTreePlugin),Set(Atom(sbt.plugins.JvmPlugin)))
[debug] Clause(Atom(sbt.plugins.CorePlugin),Set(Atom(sbt.plugins.IvyPlugin)))
[debug] Clause(Atom(sbt.plugins.IvyPlugin),Set(Atom(sbt.plugins.JvmPlugin)))
[debug] Clause(Atom(sbt.plugins.JvmPlugin),Set(Atom(sbt.plugins.SemanticdbPlugin)))
[debug] Clause(Atom(sbt.plugins.JvmPlugin),Set(Atom(sbt.plugins.JUnitXmlReportPlugin)))
[debug] Clause(Atom(sbt.plugins.CorePlugin),Set(Atom(sbt.plugins.Giter8TemplatePlugin)))
[debug] Clause(Atom(sbt.plugins.JvmPlugin),Set(Atom(sbt.plugins.MiniDependencyTreePlugin))))
[debug]   :: deduced result: Matched(sbt.plugins.CorePlugin,sbt.plugins.Giter8TemplatePlugin,sbt.plugins.IvyPlugin,sbt.plugins.JvmPlugin,sbt.plugins.MiniDependencyTreePlugin,sbt.plugins.JUnitXmlReportPlugin,sbt.plugins.SemanticdbPlugin)
[debug] Plugins.deducer#function took 15.542065 ms
[debug]               Load.resolveProject(mobilestore-build) took 38.778848ms
[debug]             Load.loadTransitive: finalizeProject(Project(id mobilestore-build, base: /home/nashtech/Documents/MobileStore/project, plugins: List(<none>))) took 72.134338ms
[debug] [Loading] Done in /home/nashtech/Documents/MobileStore/project, returning: (mobilestore-build)
[debug]           Load.loadUnit: loadedProjectsRaw took 90.124025ms
[debug]           Load.loadUnit: cleanEvalClasses took 0.206705ms
[debug]         Load.loadUnit(file:/home/nashtech/Documents/MobileStore/project/, ...) took 150.255648ms
[debug]       Load.apply: load took 298.520584ms
[debug]       Load.apply: resolveProjects took 5.244917ms
[debug]       Load.apply: finalTransforms took 44.062551ms
[debug]       Load.apply: config.delegates took 3.963005ms
[debug]       Load.apply: Def.make(settings)... took 280.714018ms
[debug]       Load.apply: structureIndex took 80.025984ms
[debug]       Load.apply: mkStreams took 0.968504ms
[info] loading project definition from /home/nashtech/Documents/MobileStore/project
[debug] Running task... Cancel: Signal, check cycles: false, forcegc: true
[debug]     Load.loadUnit: plugins took 1233.334377ms
[debug]     Load.loadUnit: defsScala took 0.003091ms
[debug] [Loading] Scanning directory /home/nashtech/Documents/MobileStore
[debug]       Load.loadUnit: mkEval took 3.069288ms
[debug] [Loading] Found root project root w/ remaining 
[debug] deducing auto plugins based on known facts Set(Atom(sbt.plugins.CorePlugin)) and clauses Clauses(Clause(Atom(sbt.plugins.JvmPlugin),Set(Atom(sbt.plugins.IvyPlugin)))
[debug] Clause(Atom(sbt.ScriptedPlugin),Set(Atom(sbt.plugins.JvmPlugin)))
[debug] Clause(Atom(sbt.plugins.SbtPlugin),Set(Atom(sbt.ScriptedPlugin)))
[debug] Clause(Atom(sbt.plugins.SemanticdbPlugin),Set(Atom(sbt.plugins.JvmPlugin)))
[debug] Clause(Atom(sbt.plugins.JUnitXmlReportPlugin),Set(Atom(sbt.plugins.JvmPlugin)))
[debug] Clause(Atom(sbt.plugins.MiniDependencyTreePlugin),Set(Atom(sbt.plugins.JvmPlugin)))
[debug] Clause(Atom(sbt.plugins.CorePlugin),Set(Atom(sbt.plugins.IvyPlugin)))
[debug] Clause(Atom(sbt.plugins.IvyPlugin),Set(Atom(sbt.plugins.JvmPlugin)))
[debug] Clause(Atom(sbt.plugins.JvmPlugin),Set(Atom(sbt.plugins.SemanticdbPlugin)))
[debug] Clause(Atom(sbt.plugins.JvmPlugin),Set(Atom(sbt.plugins.JUnitXmlReportPlugin)))
[debug] Clause(Atom(sbt.plugins.CorePlugin),Set(Atom(sbt.plugins.Giter8TemplatePlugin)))
[debug] Clause(Atom(sbt.plugins.JvmPlugin),Set(Atom(sbt.plugins.MiniDependencyTreePlugin))))
[debug]   :: deduced result: Matched(sbt.plugins.CorePlugin,sbt.plugins.Giter8TemplatePlugin,sbt.plugins.IvyPlugin,sbt.plugins.JvmPlugin,sbt.plugins.MiniDependencyTreePlugin,sbt.plugins.JUnitXmlReportPlugin,sbt.plugins.SemanticdbPlugin)
[debug] Plugins.deducer#function took 2.446401 ms
[info] loading settings for project root from build.sbt ...
[debug]         Load.resolveProject(root) took 2.84582ms
[debug]       Load.loadTransitive: finalizeProject(Project(id root, base: /home/nashtech/Documents/MobileStore, plugins: List(<none>))) took 6.503937ms
[debug] [Loading] Done in /home/nashtech/Documents/MobileStore, returning: (root)
[debug]     Load.loadUnit: loadedProjectsRaw took 123.271102ms
[debug]     Load.loadUnit: cleanEvalClasses took 4.049868ms
[debug]   Load.loadUnit(file:/home/nashtech/Documents/MobileStore/, ...) took 1361.876769ms
[debug] Load.apply: load took 1382.808885ms
[debug] Load.apply: resolveProjects took 0.138977ms
[debug] Load.apply: finalTransforms took 16.069434ms
[debug] Load.apply: config.delegates took 0.443505ms
[debug] Load.apply: Def.make(settings)... took 81.224322ms
[debug] Load.apply: structureIndex took 32.161306ms
[debug] Load.apply: mkStreams took 0.003107ms
[info] set current project to MobileStore (in build file:/home/nashtech/Documents/MobileStore/)
[debug] > Exec(sbtPopOnFailure, None, None)
[debug] > Exec(resumeFromFailure, None, None)
[debug] > Exec(notifyUsersAboutShell, None, None)
[debug] > Exec(iflast shell, None, None)
[debug] > Exec(shell, None, None)
[warn] sbt server could not start because there's another instance of sbt running on this build.
[warn] Running multiple instances is unsupported
