[debug] > Exec(early(addDefaultCommands), None, None)
[debug] > Exec(addDefaultCommands, None, None)
[debug] > Exec(early(initialize), None, None)
[debug] > Exec(initialize, None, None)
[debug] > Exec(boot, None, None)
[debug] > Exec(writeSbtVersion, None, None)
[debug] > Exec(reload, None, None)
[debug] > Exec(sbtStashOnFailure, None, None)
[debug] > Exec(onFailure loadFailed, None, None)
[debug] > Exec(loadp, None, None)
[info] welcome to sbt 1.9.9 (Oracle Corporation Java 21.0.1)
[debug] Load.defaultLoad until apply took 78.653011ms
[debug]           Load.loadUnit: plugins took 51.284457ms
[debug]           Load.loadUnit: defsScala took 0.301565ms
[debug] [Loading] Scanning directory /home/nashtech/Documents/MobileStore/project
[debug] [Loading] Found non-root projects 
[debug] [Loading] Done in /home/nashtech/Documents/MobileStore/project, returning: ()
[debug] deducing auto plugins based on known facts Set(Atom(sbt.plugins.CorePlugin)) and clauses Clauses(Clause(Atom(sbt.plugins.JvmPlugin),Set(Atom(sbt.plugins.IvyPlugin)))
[debug] Clause(Atom(sbt.ScriptedPlugin),Set(Atom(sbt.plugins.JvmPlugin)))
[debug] Clause(Atom(sbt.plugins.SbtPlugin),Set(Atom(sbt.ScriptedPlugin)))
[debug] Clause(Atom(sbt.plugins.SemanticdbPlugin),Set(Atom(sbt.plugins.JvmPlugin)))
[debug] Clause(Atom(sbt.plugins.JUnitXmlReportPlugin),Set(Atom(sbt.plugins.JvmPlugin)))
[debug] Clause(Atom(sbt.plugins.MiniDependencyTreePlugin),Set(Atom(sbt.plugins.JvmPlugin)))
[debug] Clause(Atom(sbt.plugins.CorePlugin),Set(Atom(sbt.plugins.IvyPlugin)))
[debug] Clause(Atom(sbt.plugins.IvyPlugin),Set(Atom(sbt.plugins.JvmPlugin)))
[debug] Clause(Atom(sbt.plugins.JvmPlugin),Set(Atom(sbt.plugins.SemanticdbPlugin)))
[debug] Clause(Atom(sbt.plugins.JvmPlugin),Set(Atom(sbt.plugins.JUnitXmlReportPlugin)))
[debug] Clause(Atom(sbt.plugins.CorePlugin),Set(Atom(sbt.plugins.Giter8TemplatePlugin)))
[debug] Clause(Atom(sbt.plugins.JvmPlugin),Set(Atom(sbt.plugins.MiniDependencyTreePlugin))))
[debug]   :: deduced result: Matched(sbt.plugins.CorePlugin,sbt.plugins.Giter8TemplatePlugin,sbt.plugins.IvyPlugin,sbt.plugins.JvmPlugin,sbt.plugins.MiniDependencyTreePlugin,sbt.plugins.JUnitXmlReportPlugin,sbt.plugins.SemanticdbPlugin)
[debug] Plugins.deducer#function took 17.538176 ms
[debug]               Load.resolveProject(mobilestore-build) took 36.127402ms
[debug]             Load.loadTransitive: finalizeProject(Project(id mobilestore-build, base: /home/nashtech/Documents/MobileStore/project, plugins: List(<none>))) took 71.334629ms
[debug] [Loading] Done in /home/nashtech/Documents/MobileStore/project, returning: (mobilestore-build)
[debug]           Load.loadUnit: loadedProjectsRaw took 88.691709ms
[debug]           Load.loadUnit: cleanEvalClasses took 0.201103ms
[debug]         Load.loadUnit(file:/home/nashtech/Documents/MobileStore/project/, ...) took 145.750866ms
[debug]       Load.apply: load took 272.483207ms
[debug]       Load.apply: resolveProjects took 4.360971ms
[debug]       Load.apply: finalTransforms took 53.838928ms
[debug]       Load.apply: config.delegates took 6.516453ms
[debug]       Load.apply: Def.make(settings)... took 283.973081ms
[debug]       Load.apply: structureIndex took 84.552655ms
[debug]       Load.apply: mkStreams took 1.353818ms
[info] loading project definition from /home/nashtech/Documents/MobileStore/project
[debug] Running task... Cancel: Signal, check cycles: false, forcegc: true
[debug]     Load.loadUnit: plugins took 1225.868228ms
[debug]     Load.loadUnit: defsScala took 0.007011ms
[debug] [Loading] Scanning directory /home/nashtech/Documents/MobileStore
[debug]       Load.loadUnit: mkEval took 4.025338ms
[debug] [Loading] Found root project root w/ remaining 
[debug] deducing auto plugins based on known facts Set(Atom(sbt.plugins.CorePlugin)) and clauses Clauses(Clause(Atom(sbt.plugins.JvmPlugin),Set(Atom(sbt.plugins.IvyPlugin)))
[debug] Clause(Atom(sbt.ScriptedPlugin),Set(Atom(sbt.plugins.JvmPlugin)))
[debug] Clause(Atom(sbt.plugins.SbtPlugin),Set(Atom(sbt.ScriptedPlugin)))
[debug] Clause(Atom(sbt.plugins.SemanticdbPlugin),Set(Atom(sbt.plugins.JvmPlugin)))
[debug] Clause(Atom(sbt.plugins.JUnitXmlReportPlugin),Set(Atom(sbt.plugins.JvmPlugin)))
[debug] Clause(Atom(sbt.plugins.MiniDependencyTreePlugin),Set(Atom(sbt.plugins.JvmPlugin)))
[debug] Clause(Atom(sbt.plugins.CorePlugin),Set(Atom(sbt.plugins.IvyPlugin)))
[debug] Clause(Atom(sbt.plugins.IvyPlugin),Set(Atom(sbt.plugins.JvmPlugin)))
[debug] Clause(Atom(sbt.plugins.JvmPlugin),Set(Atom(sbt.plugins.SemanticdbPlugin)))
[debug] Clause(Atom(sbt.plugins.JvmPlugin),Set(Atom(sbt.plugins.JUnitXmlReportPlugin)))
[debug] Clause(Atom(sbt.plugins.CorePlugin),Set(Atom(sbt.plugins.Giter8TemplatePlugin)))
[debug] Clause(Atom(sbt.plugins.JvmPlugin),Set(Atom(sbt.plugins.MiniDependencyTreePlugin))))
[debug]   :: deduced result: Matched(sbt.plugins.CorePlugin,sbt.plugins.Giter8TemplatePlugin,sbt.plugins.IvyPlugin,sbt.plugins.JvmPlugin,sbt.plugins.MiniDependencyTreePlugin,sbt.plugins.JUnitXmlReportPlugin,sbt.plugins.SemanticdbPlugin)
[debug] Plugins.deducer#function took 2.366569 ms
[info] loading settings for project root from build.sbt ...
[debug]         Load.resolveProject(root) took 2.858277ms
[debug]       Load.loadTransitive: finalizeProject(Project(id root, base: /home/nashtech/Documents/MobileStore, plugins: List(<none>))) took 6.425338ms
[debug] [Loading] Done in /home/nashtech/Documents/MobileStore, returning: (root)
[debug]     Load.loadUnit: loadedProjectsRaw took 113.789595ms
[debug]     Load.loadUnit: cleanEvalClasses took 4.486834ms
[debug]   Load.loadUnit(file:/home/nashtech/Documents/MobileStore/, ...) took 1345.5357ms
[debug] Load.apply: load took 1360.105046ms
[debug] Load.apply: resolveProjects took 0.156204ms
[debug] Load.apply: finalTransforms took 11.274841ms
[debug] Load.apply: config.delegates took 0.467864ms
[debug] Load.apply: Def.make(settings)... took 83.654004ms
[debug] Load.apply: structureIndex took 28.513229ms
[debug] Load.apply: mkStreams took 0.002284ms
[info] set current project to MobileStore (in build file:/home/nashtech/Documents/MobileStore/)
[debug] > Exec(sbtPopOnFailure, None, None)
[debug] > Exec(resumeFromFailure, None, None)
[debug] > Exec(notifyUsersAboutShell, None, None)
[debug] > Exec(iflast shell, None, None)
[debug] > Exec(shell, None, None)
[info] sbt server started at local:///home/nashtech/.sbt/1.0/server/ff7f39e43e276490043e/sock
[debug] Writing bsp connection file
[info] started sbt server
