[debug] > Exec(early(addDefaultCommands), None, None)
[debug] > Exec(addDefaultCommands, None, None)
[debug] > Exec(early(initialize), None, None)
[debug] > Exec(initialize, None, None)
[debug] > Exec(boot, None, None)
[debug] > Exec(writeSbtVersion, None, None)
[debug] > Exec(reload, None, None)
[debug] > Exec(sbtStashOnFailure, None, None)
[debug] > Exec(onFailure loadFailed, None, None)
[debug] > Exec(loadp, None, None)
[info] welcome to sbt 1.9.9 (Oracle Corporation Java 21.0.1)
[debug] Load.defaultLoad until apply took 173.674589ms
[debug]           Load.loadUnit: plugins took 72.229488ms
[debug]           Load.loadUnit: defsScala took 0.31373ms
[debug] [Loading] Scanning directory /home/nashtech/Documents/MobileStore/project
[debug] [Loading] Found non-root projects 
[debug] [Loading] Done in /home/nashtech/Documents/MobileStore/project, returning: ()
[debug] deducing auto plugins based on known facts Set(Atom(sbt.plugins.CorePlugin)) and clauses Clauses(Clause(Atom(sbt.plugins.JvmPlugin),Set(Atom(sbt.plugins.IvyPlugin)))
[debug] Clause(Atom(sbt.ScriptedPlugin),Set(Atom(sbt.plugins.JvmPlugin)))
[debug] Clause(Atom(sbt.plugins.SbtPlugin),Set(Atom(sbt.ScriptedPlugin)))
[debug] Clause(Atom(sbt.plugins.SemanticdbPlugin),Set(Atom(sbt.plugins.JvmPlugin)))
[debug] Clause(Atom(sbt.plugins.JUnitXmlReportPlugin),Set(Atom(sbt.plugins.JvmPlugin)))
[debug] Clause(Atom(sbt.plugins.MiniDependencyTreePlugin),Set(Atom(sbt.plugins.JvmPlugin)))
[debug] Clause(Atom(sbt.plugins.CorePlugin),Set(Atom(sbt.plugins.IvyPlugin)))
[debug] Clause(Atom(sbt.plugins.IvyPlugin),Set(Atom(sbt.plugins.JvmPlugin)))
[debug] Clause(Atom(sbt.plugins.JvmPlugin),Set(Atom(sbt.plugins.SemanticdbPlugin)))
[debug] Clause(Atom(sbt.plugins.JvmPlugin),Set(Atom(sbt.plugins.JUnitXmlReportPlugin)))
[debug] Clause(Atom(sbt.plugins.CorePlugin),Set(Atom(sbt.plugins.Giter8TemplatePlugin)))
[debug] Clause(Atom(sbt.plugins.JvmPlugin),Set(Atom(sbt.plugins.MiniDependencyTreePlugin))))
[debug]   :: deduced result: Matched(sbt.plugins.CorePlugin,sbt.plugins.Giter8TemplatePlugin,sbt.plugins.IvyPlugin,sbt.plugins.JvmPlugin,sbt.plugins.MiniDependencyTreePlugin,sbt.plugins.JUnitXmlReportPlugin,sbt.plugins.SemanticdbPlugin)
[debug] Plugins.deducer#function took 27.697328 ms
[debug]               Load.resolveProject(mobilestore-build) took 58.29492ms
[debug]             Load.loadTransitive: finalizeProject(Project(id mobilestore-build, base: /home/nashtech/Documents/MobileStore/project, plugins: List(<none>))) took 110.858252ms
[debug] [Loading] Done in /home/nashtech/Documents/MobileStore/project, returning: (mobilestore-build)
[debug]           Load.loadUnit: loadedProjectsRaw took 138.949056ms
[debug]           Load.loadUnit: cleanEvalClasses took 0.25608ms
[debug]         Load.loadUnit(file:/home/nashtech/Documents/MobileStore/project/, ...) took 219.101794ms
[debug]       Load.apply: load took 568.468316ms
[debug]       Load.apply: resolveProjects took 13.656761ms
[debug]       Load.apply: finalTransforms took 97.87256ms
[debug]       Load.apply: config.delegates took 6.273248ms
[debug]       Load.apply: Def.make(settings)... took 518.304169ms
[debug]       Load.apply: structureIndex took 141.501032ms
[debug]       Load.apply: mkStreams took 1.255171ms
[info] loading project definition from /home/nashtech/Documents/MobileStore/project
[debug] Running task... Cancel: Signal, check cycles: false, forcegc: true
[debug]     Load.loadUnit: plugins took 2803.266264ms
[debug]     Load.loadUnit: defsScala took 0.003163ms
[debug] [Loading] Scanning directory /home/nashtech/Documents/MobileStore
[debug]       Load.loadUnit: mkEval took 4.288646ms
[debug] [Loading] Found root project root w/ remaining 
[debug] deducing auto plugins based on known facts Set(Atom(sbt.plugins.CorePlugin)) and clauses Clauses(Clause(Atom(sbt.plugins.JvmPlugin),Set(Atom(sbt.plugins.IvyPlugin)))
[debug] Clause(Atom(sbt.ScriptedPlugin),Set(Atom(sbt.plugins.JvmPlugin)))
[debug] Clause(Atom(sbt.plugins.SbtPlugin),Set(Atom(sbt.ScriptedPlugin)))
[debug] Clause(Atom(sbt.plugins.SemanticdbPlugin),Set(Atom(sbt.plugins.JvmPlugin)))
[debug] Clause(Atom(sbt.plugins.JUnitXmlReportPlugin),Set(Atom(sbt.plugins.JvmPlugin)))
[debug] Clause(Atom(sbt.plugins.MiniDependencyTreePlugin),Set(Atom(sbt.plugins.JvmPlugin)))
[debug] Clause(Atom(sbt.plugins.CorePlugin),Set(Atom(sbt.plugins.IvyPlugin)))
[debug] Clause(Atom(sbt.plugins.IvyPlugin),Set(Atom(sbt.plugins.JvmPlugin)))
[debug] Clause(Atom(sbt.plugins.JvmPlugin),Set(Atom(sbt.plugins.SemanticdbPlugin)))
[debug] Clause(Atom(sbt.plugins.JvmPlugin),Set(Atom(sbt.plugins.JUnitXmlReportPlugin)))
[debug] Clause(Atom(sbt.plugins.CorePlugin),Set(Atom(sbt.plugins.Giter8TemplatePlugin)))
[debug] Clause(Atom(sbt.plugins.JvmPlugin),Set(Atom(sbt.plugins.MiniDependencyTreePlugin))))
[debug]   :: deduced result: Matched(sbt.plugins.CorePlugin,sbt.plugins.Giter8TemplatePlugin,sbt.plugins.IvyPlugin,sbt.plugins.JvmPlugin,sbt.plugins.MiniDependencyTreePlugin,sbt.plugins.JUnitXmlReportPlugin,sbt.plugins.SemanticdbPlugin)
[debug] Plugins.deducer#function took 1.291536 ms
[info] loading settings for project root from build.sbt ...
[debug]         Load.resolveProject(root) took 1.750055ms
[debug]       Load.loadTransitive: finalizeProject(Project(id root, base: /home/nashtech/Documents/MobileStore, plugins: List(<none>))) took 3.865782ms
[debug] [Loading] Done in /home/nashtech/Documents/MobileStore, returning: (root)
[debug]     Load.loadUnit: loadedProjectsRaw took 1797.113256ms
[debug]     Load.loadUnit: cleanEvalClasses took 2.689545ms
[debug]   Load.loadUnit(file:/home/nashtech/Documents/MobileStore/, ...) took 4604.507951ms
[debug] Load.apply: load took 4635.20433ms
[debug] Load.apply: resolveProjects took 0.092691ms
[debug] Load.apply: finalTransforms took 12.623532ms
[debug] Load.apply: config.delegates took 0.290814ms
[debug] Load.apply: Def.make(settings)... took 75.727233ms
[debug] Load.apply: structureIndex took 27.58859ms
[debug] Load.apply: mkStreams took 0.002689ms
[info] set current project to MobileStore (in build file:/home/nashtech/Documents/MobileStore/)
[debug] > Exec(sbtPopOnFailure, None, None)
[debug] > Exec(resumeFromFailure, None, None)
[debug] > Exec(notifyUsersAboutShell, None, None)
[debug] > Exec(iflast shell, None, None)
[debug] > Exec(shell, None, None)
[info] sbt server started at local:///home/nashtech/.sbt/1.0/server/ff7f39e43e276490043e/sock
[debug] Writing bsp connection file
[info] started sbt server
